1611222488161	geckodriver	INFO	Listening on 127.0.0.1:59555
1611222491220	mozrunner::runner	INFO	Running command: "C:\\Program Files\\Mozilla Firefox\\firefox.exe" "--marionette" "-foreground" "-no-remote" "-profile" "C:\\Users\\DANIEL~1\\AppData\\Local\\Temp\\rust_mozprofile5psd6i"
Can't find symbol 'eglSwapBuffersWithDamageEXT'.
Can't find symbol 'eglSetDamageRegionKHR'.
console.warn: SearchSettings: "get: No settings file exists, new profile?" (new Error("", "(unknown module)"))
1611222493111	Marionette	INFO	Listening on port 59563
1611222493276	Marionette	WARN	TLS certificate errors will be ignored for this session
1611222520491	Marionette	INFO	Stopped listening on port 59563

###!!! [Child][RunMessage] Error: Channel closing: too late to send/recv, messages will be lost

1611222705559	geckodriver	INFO	Listening on 127.0.0.1:52312
1611222708625	mozrunner::runner	INFO	Running command: "C:\\Program Files\\Mozilla Firefox\\firefox.exe" "--marionette" "-foreground" "-no-remote" "-profile" "C:\\Users\\DANIEL~1\\AppData\\Local\\Temp\\rust_mozprofileXOqctu"
Can't find symbol 'eglSwapBuffersWithDamageEXT'.
Can't find symbol 'eglSetDamageRegionKHR'.
console.warn: SearchSettings: "get: No settings file exists, new profile?" (new Error("", "(unknown module)"))
1611222710503	Marionette	INFO	Listening on port 52321
1611222710689	Marionette	WARN	TLS certificate errors will be ignored for this session
1611222762873	Marionette	INFO	Stopped listening on port 52321

###!!! [Child][RunMessage] Error: Channel closing: too late to send/recv, messages will be lost

1611222770738	geckodriver	INFO	Listening on 127.0.0.1:63921
1611222773818	mozrunner::runner	INFO	Running command: "C:\\Program Files\\Mozilla Firefox\\firefox.exe" "--marionette" "-foreground" "-no-remote" "-profile" "C:\\Users\\DANIEL~1\\AppData\\Local\\Temp\\rust_mozprofileZUVsyj"
Can't find symbol 'eglSwapBuffersWithDamageEXT'.
Can't find symbol 'eglSetDamageRegionKHR'.
console.warn: SearchSettings: "get: No settings file exists, new profile?" (new Error("", "(unknown module)"))
1611222775720	Marionette	INFO	Listening on port 63338
1611222775914	Marionette	WARN	TLS certificate errors will be ignored for this session
1611222854442	Marionette	INFO	Stopped listening on port 63338

###!!! [Child][RunMessage] Error: Channel closing: too late to send/recv, messages will be lost

1611223022136	geckodriver	INFO	Listening on 127.0.0.1:58416
1611223025213	mozrunner::runner	INFO	Running command: "C:\\Program Files\\Mozilla Firefox\\firefox.exe" "--marionette" "-foreground" "-no-remote" "-profile" "C:\\Users\\DANIEL~1\\AppData\\Local\\Temp\\rust_mozprofileXTVi4Z"
Can't find symbol 'eglSwapBuffersWithDamageEXT'.
Can't find symbol 'eglSetDamageRegionKHR'.
console.warn: SearchSettings: "get: No settings file exists, new profile?" (new Error("", "(unknown module)"))
1611223027033	Marionette	INFO	Listening on port 58424
1611223027289	Marionette	WARN	TLS certificate errors will be ignored for this session
1611223059559	Marionette	INFO	Stopped listening on port 58424

###!!! [Child][RunMessage] Error: Channel closing: too late to send/recv, messages will be lost

1611223155365	geckodriver	INFO	Listening on 127.0.0.1:58881
1611223158405	mozrunner::runner	INFO	Running command: "C:\\Program Files\\Mozilla Firefox\\firefox.exe" "--marionette" "-foreground" "-no-remote" "-profile" "C:\\Users\\DANIEL~1\\AppData\\Local\\Temp\\rust_mozprofileLzYzUy"
Can't find symbol 'eglSwapBuffersWithDamageEXT'.
Can't find symbol 'eglSetDamageRegionKHR'.
console.warn: SearchSettings: "get: No settings file exists, new profile?" (new Error("", "(unknown module)"))
1611223160234	Marionette	INFO	Listening on port 58889
1611223160471	Marionette	WARN	TLS certificate errors will be ignored for this session
1611223168622	Marionette	INFO	Stopped listening on port 58889

###!!! [Child][RunMessage] Error: Channel closing: too late to send/recv, messages will be lost

1611223220844	geckodriver	INFO	Listening on 127.0.0.1:59490
1611223223928	mozrunner::runner	INFO	Running command: "C:\\Program Files\\Mozilla Firefox\\firefox.exe" "--marionette" "-foreground" "-no-remote" "-profile" "C:\\Users\\DANIEL~1\\AppData\\Local\\Temp\\rust_mozprofiletwyxRH"
Can't find symbol 'eglSwapBuffersWithDamageEXT'.
Can't find symbol 'eglSetDamageRegionKHR'.
console.warn: SearchSettings: "get: No settings file exists, new profile?" (new Error("", "(unknown module)"))
1611223225763	Marionette	INFO	Listening on port 59499
1611223226019	Marionette	WARN	TLS certificate errors will be ignored for this session
JavaScript error: , line 0: NS_ERROR_NOT_AVAILABLE
1611236530692	Marionette	INFO	Stopped listening on port 59499

###!!! [Child][RunMessage] Error: Channel closing: too late to send/recv, messages will be lost

1611244760121	geckodriver	INFO	Listening on 127.0.0.1:57049
1611244763171	mozrunner::runner	INFO	Running command: "C:\\Program Files\\Mozilla Firefox\\firefox.exe" "--marionette" "-foreground" "-no-remote" "-profile" "C:\\Users\\DANIEL~1\\AppData\\Local\\Temp\\rust_mozprofilezpnQEH"
Can't find symbol 'eglSwapBuffersWithDamageEXT'.
Can't find symbol 'eglSetDamageRegionKHR'.
console.warn: SearchSettings: "get: No settings file exists, new profile?" (new Error("", "(unknown module)"))
1611244765249	Marionette	INFO	Listening on port 57057
1611244765358	Marionette	WARN	TLS certificate errors will be ignored for this session
JavaScript error: , line 0: NS_ERROR_NOT_AVAILABLE
1611245661423	Marionette	INFO	Stopped listening on port 57057

###!!! [Child][RunMessage] Error: Channel closing: too late to send/recv, messages will be lost

"--marionette" "-foreground" "-no-remote" "-profile" "C:\\Users\\DANIEL~1\\AppData\\Local\\Temp\\rust_mozprofilez1gypm"
Can't find symbol 'eglSwapBuffersWithDamageEXT'.
Can't find symbol 'eglSetDamageRegionKHR'.
console.warn: SearchSettings: "get: No settings file exists, new profile?" (new Error("", "(unknown module)"))
1611245526292	Marionette	INFO	Listening on port 57363
1611245526449	Marionette	WARN	TLS certificate errors will be ignored for this session
1611245658379	Marionette	INFO	Stopped listening on port 57363

###!!! [Child][RunMessage] Error: Channel closing: too late to send/recv, messages will be lost

1611245701550	geckodriver	INFO	Listening on 127.0.0.1:57448
1611245704596	mozrunner::runner	INFO	Running command: "C:\\Program Files\\Mozilla Firefox\\firefox.exe" "--marionette" "-foreground" "-no-remote" "-profile" "C:\\Users\\DANIEL~1\\AppData\\Local\\Temp\\rust_mozprofile3Z4x5d"
Can't find symbol 'eglSwapBuffersWithDamageEXT'.
Can't find symbol 'eglSetDamageRegionKHR'.
console.warn: SearchSettings: "get: No settings file exists, new profile?" (new Error("", "(unknown module)"))
1611245706532	Marionette	INFO	Listening on port 57459
1611245706625	Marionette	WARN	TLS certificate errors will be ignored for this session
1611245809390	Marionette	INFO	Stopped listening on port 57459

###!!! [Child][RunMessage] Error: Channel closing: too late to send/recv, messages will be lost

"--marionette" "-foreground" "-no-remote" "-profile" "C:\\Users\\DANIEL~1\\AppData\\Local\\Temp\\rust_mozprofilexHTFov"
Can't find symbol 'eglSwapBuffersWithDamageEXT'.
Can't find symbol 'eglSetDamageRegionKHR'.
console.warn: SearchSettings: "get: No settings file exists, new profile?" (new Error("", "(unknown module)"))
1611245788648	Marionette	INFO	Listening on port 57562
1611245788792	Marionette	WARN	TLS certificate errors will be ignored for this session
1611245801944	Marionette	INFO	Stopped listening on port 57562

###!!! [Child][RunMessage] Error: Channel closing: too late to send/recv, messages will be lost

1611245812310	geckodriver	INFO	Listening on 127.0.0.1:57622
1611245815350	mozrunner::runner	INFO	Running command: "C:\\Program Files\\Mozilla Firefox\\firefox.exe" "--marionette" "-foreground" "-no-remote" "-profile" "C:\\Users\\DANIEL~1\\AppData\\Local\\Temp\\rust_mozprofile3c29iw"
Can't find symbol 'eglSwapBuffersWithDamageEXT'.
Can't find symbol 'eglSetDamageRegionKHR'.
console.warn: SearchSettings: "get: No settings file exists, new profile?" (new Error("", "(unknown module)"))
1611245817185	Marionette	INFO	Listening on port 57632
1611245817391	Marionette	WARN	TLS certificate errors will be ignored for this session
1611245828215	Marionette	INFO	Stopped listening on port 57632
1611245837290	geckodriver	INFO	Listening on 127.0.0.1:57680
1611245840311	mozrunner::runner	INFO	Running command: "C:\\Program Files\\Mozilla Firefox\\firefox.exe" "--marionette" "-foreground" "-no-remote" "-profile" "C:\\Users\\DANIEL~1\\AppData\\Local\\Temp\\rust_mozprofileqlBIXb"
Can't find symbol 'eglSwapBuffersWithDamageEXT'.
Can't find symbol 'eglSetDamageRegionKHR'.
console.warn: SearchSettings: "get: No settings file exists, new profile?" (new Error("", "(unknown module)"))
1611245842048	Marionette	INFO	Listening on port 57688
1611245842389	Marionette	WARN	TLS certificate errors will be ignored for this session
1611245868920	Marionette	INFO	Stopped listening on port 57688

###!!! [Child][RunMessage] Error: Channel closing: too late to send/recv, messages will be lost

1611245927990	geckodriver	INFO	Listening on 127.0.0.1:57760
1611245931021	mozrunner::runner	INFO	Running command: "C:\\Program Files\\Mozilla Firefox\\firefox.exe" "--marionette" "-foreground" "-no-remote" "-profile" "C:\\Users\\DANIEL~1\\AppData\\Local\\Temp\\rust_mozprofileaJLHsY"
Can't find symbol 'eglSwapBuffersWithDamageEXT'.
Can't find symbol 'eglSetDamageRegionKHR'.
console.warn: SearchSettings: "get: No settings file exists, new profile?" (new Error("", "(unknown module)"))
1611245932825	Marionette	INFO	Listening on port 57769
1611245933052	Marionette	WARN	TLS certificate errors will be ignored for this session
1611246018680	Marionette	INFO	Stopped listening on port 57769

###!!! [Child][RunMessage] Error: Channel closing: too late to send/recv, messages will be lost

1611300257191	geckodriver	INFO	Listening on 127.0.0.1:51234
1611300260231	mozrunner::runner	INFO	Running command: "C:\\Program Files\\Mozilla Firefox\\firefox.exe" "--marionette" "-foreground" "-no-remote" "-profile" "C:\\Users\\DANIEL~1\\AppData\\Local\\Temp\\rust_mozprofile9HYMdi"
Can't find symbol 'eglSwapBuffersWithDamageEXT'.
Can't find symbol 'eglSetDamageRegionKHR'.
console.warn: SearchSettings: "get: No settings file exists, new profile?" (new Error("", "(unknown module)"))
1611300262202	Marionette	INFO	Listening on port 51247
1611300262329	Marionette	WARN	TLS certificate errors will be ignored for this session
1611300353328	Marionette	INFO	Stopped listening on port 51247

###!!! [Child][RunMessage] Error: Channel closing: too late to send/recv, messages will be lost

1611300356024	geckodriver	INFO	Listening on 127.0.0.1:51308
1611300359058	mozrunner::runner	INFO	Running command: "C:\\Program Files\\Mozilla Firefox\\firefox.exe" "--marionette" "-foreground" "-no-remote" "-profile" "C:\\Users\\DANIEL~1\\AppData\\Local\\Temp\\rust_mozprofileLdNLWr"
Can't find symbol 'eglSwapBuffersWithDamageEXT'.
Can't find symbol 'eglSetDamageRegionKHR'.
console.warn: SearchSettings: "get: No settings file exists, new profile?" (new Error("", "(unknown module)"))
1611300361150	Marionette	INFO	Listening on port 51316
1611300361226	Marionette	WARN	TLS certificate errors will be ignored for this session
JavaScript error: , line 0: NS_ERROR_NOT_AVAILABLE
JavaScript error: https://googleads.g.doubleclick.net/pagead/ads?guci=1.2.0.0.2.2.0.0&client=ca-pub-7324994964092467&output=html&h=100&slotname=5525470032&adk=3554831362&adf=3017137674&pi=t.ma~as.5525470032&w=468&fwrn=4&fwrnh=100&lmt=1611303069&rafmt=2&psa=0&format=468x100&url=https%3A%2F%2Fwww.diki.pl%2Fslownik-angielskiego%3Fq%3Dprize&flash=0&fwr=0&rpe=1&resp_fmts=2&wgl=1&adsid=NT&dt=1611303068379&bpp=10&bdt=1742&idt=669&shv=r20210120&cbv=r20190131&ptt=9&saldr=aa&abxe=1&correlator=3245405977835&frm=20&pv=2&ga_vid=1816354101.1611303066&ga_sid=1611303070&ga_hid=1037752086&ga_fc=0&u_tz=60&u_his=3&u_java=0&u_h=720&u_w=1280&u_ah=680&u_aw=1280&u_cd=24&u_nplug=0&u_nmime=0&adx=647&ady=17&biw=1263&bih=607&scr_x=0&scr_y=0&eid=21068769%2C21069000%2C21068785&oid=3&pvsid=935282876527189&pem=849&ref=https%3A%2F%2Fwww.diki.pl%2F&rx=0&eae=0&fc=896&brdim=-7%2C-7%2C-7%2C-7%2C1280%2C0%2C1295%2C695%2C1280%2C607&vis=1&rsz=%7C%7CleE%7C&abl=CS&pfx=0&fu=8320&bc=31&ifi=1&uci=a!1&fsb=1&xpc=r05py9zuos&p=https%3A//www.diki.pl&dtd=1620, line 1: ReferenceError: buildAttribution is not defined
Can't find symbol 'eglSwapBuffersWithDamageEXT'.
Can't find symbol 'eglSetDamageRegionKHR'.
Can't find symbol 'eglSwapBuffersWithDamageEXT'.
Can't find symbol 'eglSetDamageRegionKHR'.
JavaScript error: resource://devtools/server/actors/webconsole/utils.js, line 417: SyntaxError: The expression is not a legal expression.
JavaScript error: resource://devtools/server/actors/webconsole/utils.js, line 417: SyntaxError: The expression is not a legal expression.
JavaScript error: resource://devtools/server/actors/webconsole/utils.js, line 417: SyntaxError: The expression is not a legal expression.
JavaScript error: resource://devtools/server/actors/webconsole/utils.js, line 417: : 
JavaScript error: resource://devtools/server/actors/webconsole/utils.js, line 417: SyntaxError: The expression is not a legal expression.
JavaScript error: resource://devtools/server/actors/webconsole/utils.js, line 417: : 
JavaScript error: resource://devtools/server/actors/webconsole/utils.js, line 417: SyntaxError: The expression is not a legal expression.
JavaScript error: resource://devtools/server/actors/webconsole/utils.js, line 417: SyntaxError: The expression is not a legal expression.
JavaScript error: resource://devtools/server/actors/webconsole/utils.js, line 417: SyntaxError: The expression is not a legal expression.
JavaScript error: resource://devtools/server/actors/webconsole/utils.js, line 417: SyntaxError: The expression is not a legal expression.
1611307782294	Marionette	INFO	Stopped listening on port 51316
1306574597	mozrunner::runner	INFO	Running command: "C:\\Program Files\\Mozilla Firefox\\firefox.exe" "--marionette" "-foreground" "-no-remote" "-profile" "C:\\Users\\DANIEL~1\\AppData\\Local\\Temp\\rust_mozprofileiz9VhP"
Can't find symbol 'eglSwapBuffersWithDamageEXT'.
Can't find symbol 'eglSetDamageRegionKHR'.
console.warn: SearchSettings: "get: No settings file exists, new profile?" (new Error("", "(unknown module)"))
1611306578535	Marionette	INFO	Listening on port 51199
1611306578760	Marionette	WARN	TLS certificate errors will be ignored for this session
1611306591185	Marionette	INFO	Stopped listening on port 51199

###!!! [Child][RunMessage] Error: Channel closing: too late to send/recv, messages will be lost

1611306725814	geckodriver	INFO	Listening on 127.0.0.1:51289
1611306728868	mozrunner::runner	INFO	Running command: "C:\\Program Files\\Mozilla Firefox\\firefox.exe" "--marionette" "-foreground" "-no-remote" "-profile" "C:\\Users\\DANIEL~1\\AppData\\Local\\Temp\\rust_mozprofileeEswsp"
Can't find symbol 'eglSwapBuffersWithDamageEXT'.
Can't find symbol 'eglSetDamageRegionKHR'.
console.warn: SearchSettings: "get: No settings file exists, new profile?" (new Error("", "(unknown module)"))
1611306732043	Marionette	INFO	Listening on port 51298
1611306732570	Marionette	WARN	TLS certificate errors will be ignored for this session
1611306847032	Marionette	INFO	Stopped listening on port 51298

###!!! [Child][RunMessage] Error: Channel closing: too late to send/recv, messages will be lost

"--marionette" "-foreground" "-no-remote" "-profile" "C:\\Users\\DANIEL~1\\AppData\\Local\\Temp\\rust_mozprofileJDfVuO"
Can't find symbol 'eglSwapBuffersWithDamageEXT'.
Can't find symbol 'eglSetDamageRegionKHR'.
1611307259722	geckodriver	INFO	Listening on 127.0.0.1:64317
1611307262756	mozrunner::runner	INFO	Running command: "C:\\Program Files\\Mozilla Firefox\\firefox.exe" "--marionette" "-foreground" "-no-remote" "-profile" "C:\\Users\\DANIEL~1\\AppData\\Local\\Temp\\rust_mozprofilePuxnQk"
Can't find symbol 'eglSwapBuffersWithDamageEXT'.
Can't find symbol 'eglSetDamageRegionKHR'.
console.warn: SearchSettings: "get: No settings file exists, new profile?" (new Error("", "(unknown module)"))
1611307264616	Marionette	INFO	Listening on port 61220
1611307264778	Marionette	WARN	TLS certificate errors will be ignored for this session
1611307365964	Marionette	INFO	Stopped listening on port 61220

###!!! [Child][RunMessage] Error: Channel closing: too late to send/recv, messages will be lost

1611307437865	geckodriver	INFO	Listening on 127.0.0.1:49338
1611307440923	mozrunner::runner	INFO	Running command: "C:\\Program Files\\Mozilla Firefox\\firefox.exe" "--marionette" "-foreground" "-no-remote" "-profile" "C:\\Users\\DANIEL~1\\AppData\\Local\\Temp\\rust_mozprofile5x30r0"
Can't find symbol 'eglSwapBuffersWithDamageEXT'.
Can't find symbol 'eglSetDamageRegionKHR'.
console.warn: SearchSettings: "get: No settings file exists, new profile?" (new Error("", "(unknown module)"))
1611307442655	Marionette	INFO	Listening on port 49346
1611307442952	Marionette	WARN	TLS certificate errors will be ignored for this session
1611307476921	geckodriver	INFO	Listening on 127.0.0.1:49412
1611307479983	mozrunner::runner	INFO	Running command: "C:\\Program Files\\Mozilla Firefox\\firefox.exe" "--marionette" "-foreground" "-no-remote" "-profile" "C:\\Users\\DANIEL~1\\AppData\\Local\\Temp\\rust_mozprofileRfoyHM"
Can't find symbol 'eglSwapBuffersWithDamageEXT'.
Can't find symbol 'eglSetDamageRegionKHR'.
console.warn: SearchSettings: "get: No settings file exists, new profile?" (new Error("", "(unknown module)"))
1611307481879	Marionette	INFO	Listening on port 49420
1611307482014	Marionette	WARN	TLS certificate errors will be ignored for this session
1611307609062	geckodriver	INFO	Listening on 127.0.0.1:64257
1611307612131	mozrunner::runner	INFO	Running command: "C:\\Program Files\\Mozilla Firefox\\firefox.exe" "--marionette" "-foreground" "-no-remote" "-profile" "C:\\Users\\DANIEL~1\\AppData\\Local\\Temp\\rust_mozprofileXL47S6"
Can't find symbol 'eglSwapBuffersWithDamageEXT'.
Can't find symbol 'eglSetDamageRegionKHR'.
console.warn: SearchSettings: "get: No settings file exists, new profile?" (new Error("", "(unknown module)"))
1611307614042	Marionette	INFO	Listening on port 64265
1611307614158	Marionette	WARN	TLS certificate errors will be ignored for this session
1611307770260	Marionette	INFO	Stopped listening on port 64265
1611307956331	geckodriver	INFO	Listening on 127.0.0.1:57348
1611307959391	mozrunner::runner	INFO	Running command: "C:\\Program Files\\Mozilla Firefox\\firefox.exe" "--marionette" "-foreground" "-no-remote" "-profile" "C:\\Users\\DANIEL~1\\AppData\\Local\\Temp\\rust_mozprofileLbR8dJ"
Can't find symbol 'eglSwapBuffersWithDamageEXT'.
Can't find symbol 'eglSetDamageRegionKHR'.
console.warn: SearchSettings: "get: No settings file exists, new profile?" (new Error("", "(unknown module)"))
1611307961254	Marionette	INFO	Listening on port 57356
1611307961436	Marionette	WARN	TLS certificate errors will be ignored for this session
1611308214092	Marionette	INFO	Stopped listening on port 57356

###!!! [Child][RunMessage] Error: Channel closing: too late to send/recv, messages will be lost

"--marionette" "-foreground" "-no-remote" "-profile" "C:\\Users\\DANIEL~1\\AppData\\Local\\Temp\\rust_mozprofilejOxnGT"
Can't find symbol 'eglSwapBuffersWithDamageEXT'.
Can't find symbol 'eglSetDamageRegionKHR'.
console.warn: SearchSettings: "get: No settings file exists, new profile?" (new Error("", "(unknown module)"))
1611308141966	Marionette	INFO	Listening on port 57448
1611308142171	Marionette	WARN	TLS certificate errors will be ignored for this session
1611308553721	geckodriver	INFO	Listening on 127.0.0.1:57941
1611308556764	mozrunner::runner	INFO	Running command: "C:\\Program Files\\Mozilla Firefox\\firefox.exe" "--marionette" "-foreground" "-no-remote" "-profile" "C:\\Users\\DANIEL~1\\AppData\\Local\\Temp\\rust_mozprofilezUVlHU"
Can't find symbol 'eglSwapBuffersWithDamageEXT'.
Can't find symbol 'eglSetDamageRegionKHR'.
console.warn: SearchSettings: "get: No settings file exists, new profile?" (new Error("", "(unknown module)"))
1611308558620	Marionette	INFO	Listening on port 57949
1611308558786	Marionette	WARN	TLS certificate errors will be ignored for this session
1611308606385	Marionette	INFO	Stopped listening on port 57949
1611308689206	geckodriver	INFO	Listening on 127.0.0.1:58028
1611308692268	mozrunner::runner	INFO	Running command: "C:\\Program Files\\Mozilla Firefox\\firefox.exe" "--marionette" "-foreground" "-no-remote" "-profile" "C:\\Users\\DANIEL~1\\AppData\\Local\\Temp\\rust_mozprofilejwKiBF"
Can't find symbol 'eglSwapBuffersWithDamageEXT'.
Can't find symbol 'eglSetDamageRegionKHR'.
console.warn: SearchSettings: "get: No settings file exists, new profile?" (new Error("", "(unknown module)"))
1611308694111	Marionette	INFO	Listening on port 58036
1611308694295	Marionette	WARN	TLS certificate errors will be ignored for this session
1611308743134	Marionette	INFO	Stopped listening on port 58036

###!!! [Child][RunMessage] Error: Channel closing: too late to send/recv, messages will be lost

1611308748589	geckodriver	INFO	Listening on 127.0.0.1:58107
1611308751632	mozrunner::runner	INFO	Running command: "C:\\Program Files\\Mozilla Firefox\\firefox.exe" "--marionette" "-foreground" "-no-remote" "-profile" "C:\\Users\\DANIEL~1\\AppData\\Local\\Temp\\rust_mozprofile3owRGo"
Can't find symbol 'eglSwapBuffersWithDamageEXT'.
Can't find symbol 'eglSetDamageRegionKHR'.
console.warn: SearchSettings: "get: No settings file exists, new profile?" (new Error("", "(unknown module)"))
1611308753502	Marionette	INFO	Listening on port 58115
1611308753673	Marionette	WARN	TLS certificate errors will be ignored for this session
1611308812467	Marionette	INFO	Stopped listening on port 58115

###!!! [Child][RunMessage] Error: Channel closing: too late to send/recv, messages will be lost

1611308859472	geckodriver	INFO	Listening on 127.0.0.1:58225
1611308862544	mozrunner::runner	INFO	Running command: "C:\\Program Files\\Mozilla Firefox\\firefox.exe" "--marionette" "-foreground" "-no-remote" "-profile" "C:\\Users\\DANIEL~1\\AppData\\Local\\Temp\\rust_mozprofileYnALz5"
Can't find symbol 'eglSwapBuffersWithDamageEXT'.
Can't find symbol 'eglSetDamageRegionKHR'.
console.warn: SearchSettings: "get: No settings file exists, new profile?" (new Error("", "(unknown module)"))
1611308864469	Marionette	INFO	Listening on port 58233
1611308864587	Marionette	WARN	TLS certificate errors will be ignored for this session
1611308938233	geckodriver	INFO	Listening on 127.0.0.1:58293
1611308941287	mozrunner::runner	INFO	Running command: "C:\\Program Files\\Mozilla Firefox\\firefox.exe" "--marionette" "-foreground" "-no-remote" "-profile" "C:\\Users\\DANIEL~1\\AppData\\Local\\Temp\\rust_mozprofile99sBmC"
Can't find symbol 'eglSwapBuffersWithDamageEXT'.
Can't find symbol 'eglSetDamageRegionKHR'.
console.warn: SearchSettings: "get: No settings file exists, new profile?" (new Error("", "(unknown module)"))
1611308943097	Marionette	INFO	Listening on port 58303
1611308943329	Marionette	WARN	TLS certificate errors will be ignored for this session
1611308993103	Marionette	INFO	Stopped listening on port 58303

###!!! [Child][RunMessage] Error: Channel closing: too late to send/recv, messages will be lost

1611308999694	geckodriver	INFO	Listening on 127.0.0.1:58364
1611309002729	mozrunner::runner	INFO	Running command: "C:\\Program Files\\Mozilla Firefox\\firefox.exe" "--marionette" "-foreground" "-no-remote" "-profile" "C:\\Users\\DANIEL~1\\AppData\\Local\\Temp\\rust_mozprofileaWefhW"
Can't find symbol 'eglSwapBuffersWithDamageEXT'.
Can't find symbol 'eglSetDamageRegionKHR'.
console.warn: SearchSettings: "get: No settings file exists, new profile?" (new Error("", "(unknown module)"))
1611309004455	Marionette	INFO	Listening on port 58379
1611309004753	Marionette	WARN	TLS certificate errors will be ignored for this session
1611309040793	Marionette	INFO	Stopped listening on port 58379

###!!! [Child][RunMessage] Error: Channel closing: too late to send/recv, messages will be lost

1611309055138	geckodriver	INFO	Listening on 127.0.0.1:58435
1611309058197	mozrunner::runner	INFO	Running command: "C:\\Program Files\\Mozilla Firefox\\firefox.exe" "--marionette" "-foreground" "-no-remote" "-profile" "C:\\Users\\DANIEL~1\\AppData\\Local\\Temp\\rust_mozprofileumnFvl"
Can't find symbol 'eglSwapBuffersWithDamageEXT'.
Can't find symbol 'eglSetDamageRegionKHR'.
console.warn: SearchSettings: "get: No settings file exists, new profile?" (new Error("", "(unknown module)"))
1611309059962	Marionette	INFO	Listening on port 58443
1611309060215	Marionette	WARN	TLS certificate errors will be ignored for this session
1611309097064	Marionette	INFO	Stopped listening on port 58443

###!!! [Child][RunMessage] Error: Channel closing: too late to send/recv, messages will be lost

1611309208408	geckodriver	INFO	Listening on 127.0.0.1:58536
1611309211461	mozrunner::runner	INFO	Running command: "C:\\Program Files\\Mozilla Firefox\\firefox.exe" "--marionette" "-foreground" "-no-remote" "-profile" "C:\\Users\\DANIEL~1\\AppData\\Local\\Temp\\rust_mozprofilepL3I9A"
Can't find symbol 'eglSwapBuffersWithDamageEXT'.
Can't find symbol 'eglSetDamageRegionKHR'.
console.warn: SearchSettings: "get: No settings file exists, new profile?" (new Error("", "(unknown module)"))
1611309213282	Marionette	INFO	Listening on port 58544
1611309213485	Marionette	WARN	TLS certificate errors will be ignored for this session
1611310107797	geckodriver	INFO	Listening on 127.0.0.1:64407
1611310110861	mozrunner::runner	INFO	Running command: "C:\\Program Files\\Mozilla Firefox\\firefox.exe" "--marionette" "-foreground" "-no-remote" "-profile" "C:\\Users\\DANIEL~1\\AppData\\Local\\Temp\\rust_mozprofileWzzcyY"
Can't find symbol 'eglSwapBuffersWithDamageEXT'.
Can't find symbol 'eglSetDamageRegionKHR'.
console.warn: SearchSettings: "get: No settings file exists, new profile?" (new Error("", "(unknown module)"))
1611310112749	Marionette	INFO	Listening on port 64415
1611310112911	Marionette	WARN	TLS certificate errors will be ignored for this session
JavaScript error: , line 0: NS_ERROR_NOT_AVAILABLE
1611316507638	Marionette	INFO	Stopped listening on port 64415
1311738319	mozrunner::runner	INFO	Running command: "C:\\Program Files\\Mozilla Firefox\\firefox.exe" "--marionette" "-foreground" "-no-remote" "-profile" "C:\\Users\\DANIEL~1\\AppData\\Local\\Temp\\rust_mozprofilekNJVSY"
Can't find symbol 'eglSwapBuffersWithDamageEXT'.
Can't find symbol 'eglSetDamageRegionKHR'.
console.warn: SearchSettings: "get: No settings file exists, new profile?" (new Error("", "(unknown module)"))
1611311740212	Marionette	INFO	Listening on port 64846
1611311740371	Marionette	WARN	TLS certificate errors will be ignored for this session
1611311803019	Marionette	INFO	Stopped listening on port 64846

###!!! [Child][RunMessage] Error: Channel closing: too late to send/recv, messages will be lost

"--marionette" "-foreground" "-no-remote" "-profile" "C:\\Users\\DANIEL~1\\AppData\\Local\\Temp\\rust_mozprofileULPvnx"
Can't find symbol 'eglSwapBuffersWithDamageEXT'.
Can't find symbol 'eglSetDamageRegionKHR'.
console.warn: SearchSettings: "get: No settings file exists, new profile?" (new Error("", "(unknown module)"))
1611311797945	Marionette	INFO	Listening on port 64921
1611311798096	Marionette	WARN	TLS certificate errors will be ignored for this session
1611311817571	geckodriver	INFO	Listening on 127.0.0.1:64970
1611311820629	mozrunner::runner	INFO	Running command: "C:\\Program Files\\Mozilla Firefox\\firefox.exe" "--marionette" "-foreground" "-no-remote" "-profile" "C:\\Users\\DANIEL~1\\AppData\\Local\\Temp\\rust_mozprofile9NnNZX"
Can't find symbol 'eglSwapBuffersWithDamageEXT'.
Can't find symbol 'eglSetDamageRegionKHR'.
console.warn: SearchSettings: "get: No settings file exists, new profile?" (new Error("", "(unknown module)"))
1611311822530	Marionette	INFO	Listening on port 64978
1611311822671	Marionette	WARN	TLS certificate errors will be ignored for this session
1611311840468	Marionette	INFO	Stopped listening on port 64978

###!!! [Child][RunMessage] Error: Channel closing: too late to send/recv, messages will be lost

1611315654984	geckodriver	INFO	Listening on 127.0.0.1:49358
1611315658035	mozrunner::runner	INFO	Running command: "C:\\Program Files\\Mozilla Firefox\\firefox.exe" "--marionette" "-foreground" "-no-remote" "-profile" "C:\\Users\\DANIEL~1\\AppData\\Local\\Temp\\rust_mozprofilejtx46V"
Can't find symbol 'eglSwapBuffersWithDamageEXT'.
Can't find symbol 'eglSetDamageRegionKHR'.
console.warn: SearchSettings: "get: No settings file exists, new profile?" (new Error("", "(unknown module)"))
1611315659879	Marionette	INFO	Listening on port 49368
1611315660059	Marionette	WARN	TLS certificate errors will be ignored for this session
1611315719151	geckodriver	INFO	Listening on 127.0.0.1:49437
1611315722201	mozrunner::runner	INFO	Running command: "C:\\Program Files\\Mozilla Firefox\\firefox.exe" "--marionette" "-foreground" "-no-remote" "-profile" "C:\\Users\\DANIEL~1\\AppData\\Local\\Temp\\rust_mozprofileFJbCZz"
Can't find symbol 'eglSwapBuffersWithDamageEXT'.
Can't find symbol 'eglSetDamageRegionKHR'.
console.warn: SearchSettings: "get: No settings file exists, new profile?" (new Error("", "(unknown module)"))
1611315724114	Marionette	INFO	Listening on port 49446
1611315724230	Marionette	WARN	TLS certificate errors will be ignored for this session
1611315905606	Marionette	INFO	Stopped listening on port 49446

###!!! [Child][RunMessage] Error: Channel closing: too late to send/recv, messages will be lost

1611315935015	geckodriver	INFO	Listening on 127.0.0.1:49549
1611315938071	mozrunner::runner	INFO	Running command: "C:\\Program Files\\Mozilla Firefox\\firefox.exe" "--marionette" "-foreground" "-no-remote" "-profile" "C:\\Users\\DANIEL~1\\AppData\\Local\\Temp\\rust_mozprofileHLtCQN"
Can't find symbol 'eglSwapBuffersWithDamageEXT'.
Can't find symbol 'eglSetDamageRegionKHR'.
console.warn: SearchSettings: "get: No settings file exists, new profile?" (new Error("", "(unknown module)"))
1611315939918	Marionette	INFO	Listening on port 49557
1611315940096	Marionette	WARN	TLS certificate errors will be ignored for this session
[Parent 17968, Gecko_IOThread] WARNING: file /builds/worker/checkouts/gecko/ipc/chromium/src/base/process_util_win.cc:166
1611316509894	Marionette	INFO	Stopped listening on port 49557

###!!! [Child][RunMessage] Error: Channel closing: too late to send/recv, messages will be lost

't find symbol 'eglSwapBuffersWithDamageEXT'.
Can't find symbol 'eglSetDamageRegionKHR'.
console.warn: SearchSettings: "get: No settings file exists, new profile?" (new Error("", "(unknown module)"))
1611316448358	Marionette	INFO	Listening on port 49737
1611316448475	Marionette	WARN	TLS certificate errors will be ignored for this session
console.error: Region.jsm: "Error fetching region" (new Error("TIMEOUT", "resource://gre/modules/Region.jsm", 726))
console.error: Region.jsm: "Failed to fetch region" (new Error("TIMEOUT", "resource://gre/modules/Region.jsm", 376))
1611317075838	Marionette	INFO	Stopped listening on port 49737
1611317082565	geckodriver	INFO	Listening on 127.0.0.1:57054
1611317085634	mozrunner::runner	INFO	Running command: "C:\\Program Files\\Mozilla Firefox\\firefox.exe" "--marionette" "-foreground" "-no-remote" "-profile" "C:\\Users\\DANIEL~1\\AppData\\Local\\Temp\\rust_mozprofileFEgxOB"
Can't find symbol 'eglSwapBuffersWithDamageEXT'.
Can't find symbol 'eglSetDamageRegionKHR'.
console.warn: SearchSettings: "get: No settings file exists, new profile?" (new Error("", "(unknown module)"))
1611317087549	Marionette	INFO	Listening on port 57063
1611317087709	Marionette	WARN	TLS certificate errors will be ignored for this session
1611317310298	Marionette	INFO	Stopped listening on port 57063

###!!! [Child][RunMessage] Error: Channel closing: too late to send/recv, messages will be lost

1611317313303	geckodriver	INFO	Listening on 127.0.0.1:51647
1611317316343	mozrunner::runner	INFO	Running command: "C:\\Program Files\\Mozilla Firefox\\firefox.exe" "--marionette" "-foreground" "-no-remote" "-profile" "C:\\Users\\DANIEL~1\\AppData\\Local\\Temp\\rust_mozprofileFuTt1P"
Can't find symbol 'eglSwapBuffersWithDamageEXT'.
Can't find symbol 'eglSetDamageRegionKHR'.
console.warn: SearchSettings: "get: No settings file exists, new profile?" (new Error("", "(unknown module)"))
1611317318490	Marionette	INFO	Listening on port 51655
1611317318524	Marionette	WARN	TLS certificate errors will be ignored for this session
1611317437714	geckodriver	INFO	Listening on 127.0.0.1:62937
1611317440784	mozrunner::runner	INFO	Running command: "C:\\Program Files\\Mozilla Firefox\\firefox.exe" "--marionette" "-foreground" "-no-remote" "-profile" "C:\\Users\\DANIEL~1\\AppData\\Local\\Temp\\rust_mozprofileGB9vLR"
Can't find symbol 'eglSwapBuffersWithDamageEXT'.
Can't find symbol 'eglSetDamageRegionKHR'.
console.warn: SearchSettings: "get: No settings file exists, new profile?" (new Error("", "(unknown module)"))
1611317442768	Marionette	INFO	Listening on port 62945
1611317442865	Marionette	WARN	TLS certificate errors will be ignored for this session
1611317599225	geckodriver	INFO	Listening on 127.0.0.1:54455
1611317602279	mozrunner::runner	INFO	Running command: "C:\\Program Files\\Mozilla Firefox\\firefox.exe" "--marionette" "-foreground" "-no-remote" "-profile" "C:\\Users\\DANIEL~1\\AppData\\Local\\Temp\\rust_mozprofileJH9Nw0"
Can't find symbol 'eglSwapBuffersWithDamageEXT'.
Can't find symbol 'eglSetDamageRegionKHR'.
console.warn: SearchSettings: "get: No settings file exists, new profile?" (new Error("", "(unknown module)"))
1611317604151	Marionette	INFO	Listening on port 54464
1611317604356	Marionette	WARN	TLS certificate errors will be ignored for this session
JavaScript error: , line 0: NS_ERROR_NOT_AVAILABLE
1611318405781	Marionette	INFO	Stopped listening on port 54464

###!!! [Child][RunMessage] Error: Channel closing: too late to send/recv, messages will be lost

 "C:\\Users\\DANIEL~1\\AppData\\Local\\Temp\\rust_mozprofilen1RDzx"
Can't find symbol 'eglSwapBuffersWithDamageEXT'.
Can't find symbol 'eglSetDamageRegionKHR'.
console.warn: SearchSettings: "get: No settings file exists, new profile?" (new Error("", "(unknown module)"))
1611317754862	Marionette	INFO	Listening on port 51100
1611317755114	Marionette	WARN	TLS certificate errors will be ignored for this session
1611318231105	Marionette	INFO	Stopped listening on port 51100

###!!! [Child][RunMessage] Error: Channel closing: too late to send/recv, messages will be lost

1611318400461	geckodriver	INFO	Listening on 127.0.0.1:65275
1611318403524	mozrunner::runner	INFO	Running command: "C:\\Program Files\\Mozilla Firefox\\firefox.exe" "--marionette" "-foreground" "-no-remote" "-profile" "C:\\Users\\DANIEL~1\\AppData\\Local\\Temp\\rust_mozprofilekfjPoU"
Can't find symbol 'eglSwapBuffersWithDamageEXT'.
Can't find symbol 'eglSetDamageRegionKHR'.
JavaScript error: resource://activity-stream/lib/ASRouterNewTabHook.jsm, line 61: TypeError: this._router is null

###!!! [Child][RunMessage] Error: Channel closing: too late to send/recv, messages will be lost

1611318408462	geckodriver	INFO	Listening on 127.0.0.1:65294
1611318411497	mozrunner::runner	INFO	Running command: "C:\\Program Files\\Mozilla Firefox\\firefox.exe" "--marionette" "-foreground" "-no-remote" "-profile" "C:\\Users\\DANIEL~1\\AppData\\Local\\Temp\\rust_mozprofilekhKr68"
Can't find symbol 'eglSwapBuffersWithDamageEXT'.
Can't find symbol 'eglSetDamageRegionKHR'.
console.warn: SearchSettings: "get: No settings file exists, new profile?" (new Error("", "(unknown module)"))
1611318413573	Marionette	INFO	Listening on port 65303
1611318413680	Marionette	WARN	TLS certificate errors will be ignored for this session
1611318544535	Marionette	INFO	Stopped listening on port 65303

###!!! [Child][RunMessage] Error: Channel closing: too late to send/recv, messages will be lost

"--marionette" "-foreground" "-no-remote" "-profile" "C:\\Users\\DANIEL~1\\AppData\\Local\\Temp\\rust_mozprofileoSzCsk"
Can't find symbol 'eglSwapBuffersWithDamageEXT'.
Can't find symbol 'eglSetDamageRegionKHR'.
console.warn: SearchSettings: "get: No settings file exists, new profile?" (new Error("", "(unknown module)"))
1611318533146	Marionette	INFO	Listening on port 65369
1611318533272	Marionette	WARN	TLS certificate errors will be ignored for this session
1611318578389	geckodriver	INFO	Listening on 127.0.0.1:65411
1611318581450	mozrunner::runner	INFO	Running command: "C:\\Program Files\\Mozilla Firefox\\firefox.exe" "--marionette" "-foreground" "-no-remote" "-profile" "C:\\Users\\DANIEL~1\\AppData\\Local\\Temp\\rust_mozprofiles47RKd"
Can't find symbol 'eglSwapBuffersWithDamageEXT'.
Can't find symbol 'eglSetDamageRegionKHR'.
console.warn: SearchSettings: "get: No settings file exists, new profile?" (new Error("", "(unknown module)"))
1611318583533	Marionette	INFO	Listening on port 65419
1611318583657	Marionette	WARN	TLS certificate errors will be ignored for this session
1611318643724	Marionette	INFO	Stopped listening on port 65419

###!!! [Child][RunMessage] Error: Channel closing: too late to send/recv, messages will be lost

1611318867129	geckodriver	INFO	Listening on 127.0.0.1:60430
1611318870180	mozrunner::runner	INFO	Running command: "C:\\Program Files\\Mozilla Firefox\\firefox.exe" "--marionette" "-foreground" "-no-remote" "-profile" "C:\\Users\\DANIEL~1\\AppData\\Local\\Temp\\rust_mozprofileyqUNKx"
Can't find symbol 'eglSwapBuffersWithDamageEXT'.
Can't find symbol 'eglSetDamageRegionKHR'.
console.warn: SearchSettings: "get: No settings file exists, new profile?" (new Error("", "(unknown module)"))
1611318871995	Marionette	INFO	Listening on port 60438
1611318872243	Marionette	WARN	TLS certificate errors will be ignored for this session
1611319240202	Marionette	INFO	Stopped listening on port 60438

###!!! [Child][RunMessage] Error: Channel closing: too late to send/recv, messages will be lost

1611319273173	geckodriver	INFO	Listening on 127.0.0.1:53687
1611319276216	mozrunner::runner	INFO	Running command: "C:\\Program Files\\Mozilla Firefox\\firefox.exe" "--marionette" "-foreground" "-no-remote" "-profile" "C:\\Users\\DANIEL~1\\AppData\\Local\\Temp\\rust_mozprofilelxt7Uq"
Can't find symbol 'eglSwapBuffersWithDamageEXT'.
Can't find symbol 'eglSetDamageRegionKHR'.
console.warn: SearchSettings: "get: No settings file exists, new profile?" (new Error("", "(unknown module)"))
1611319278256	Marionette	INFO	Listening on port 53696
1611319278390	Marionette	WARN	TLS certificate errors will be ignored for this session
1611319342834	Marionette	INFO	Stopped listening on port 53696

###!!! [Child][RunMessage] Error: Channel closing: too late to send/recv, messages will be lost

1611319459732	geckodriver	INFO	Listening on 127.0.0.1:53794
1611319462793	mozrunner::runner	INFO	Running command: "C:\\Program Files\\Mozilla Firefox\\firefox.exe" "--marionette" "-foreground" "-no-remote" "-profile" "C:\\Users\\DANIEL~1\\AppData\\Local\\Temp\\rust_mozprofile8zDKHu"
Can't find symbol 'eglSwapBuffersWithDamageEXT'.
Can't find symbol 'eglSetDamageRegionKHR'.
console.warn: SearchSettings: "get: No settings file exists, new profile?" (new Error("", "(unknown module)"))
1611319464691	Marionette	INFO	Listening on port 53803
1611319464857	Marionette	WARN	TLS certificate errors will be ignored for this session
1611319542033	geckodriver	INFO	Listening on 127.0.0.1:53871
1611319545093	mozrunner::runner	INFO	Running command: "C:\\Program Files\\Mozilla Firefox\\firefox.exe" "--marionette" "-foreground" "-no-remote" "-profile" "C:\\Users\\DANIEL~1\\AppData\\Local\\Temp\\rust_mozprofilefApGyd"
Can't find symbol 'eglSwapBuffersWithDamageEXT'.
Can't find symbol 'eglSetDamageRegionKHR'.
console.warn: SearchSettings: "get: No settings file exists, new profile?" (new Error("", "(unknown module)"))
1611319546923	Marionette	INFO	Listening on port 53879
1611319547178	Marionette	WARN	TLS certificate errors will be ignored for this session
1611320088081	geckodriver	INFO	Listening on 127.0.0.1:52187
1611320091122	mozrunner::runner	INFO	Running command: "C:\\Program Files\\Mozilla Firefox\\firefox.exe" "--marionette" "-foreground" "-no-remote" "-profile" "C:\\Users\\DANIEL~1\\AppData\\Local\\Temp\\rust_mozprofilesKxfgK"
Can't find symbol 'eglSwapBuffersWithDamageEXT'.
Can't find symbol 'eglSetDamageRegionKHR'.
console.warn: SearchSettings: "get: No settings file exists, new profile?" (new Error("", "(unknown module)"))
1611320093089	Marionette	INFO	Listening on port 52196
1611320093201	Marionette	WARN	TLS certificate errors will be ignored for this session
1611320175797	Marionette	INFO	Stopped listening on port 52196

###!!! [Child][RunMessage] Error: Channel closing: too late to send/recv, messages will be lost

1611321334782	geckodriver	INFO	Listening on 127.0.0.1:62833
1611321337842	mozrunner::runner	INFO	Running command: "C:\\Program Files\\Mozilla Firefox\\firefox.exe" "--marionette" "-foreground" "-no-remote" "-profile" "C:\\Users\\DANIEL~1\\AppData\\Local\\Temp\\rust_mozprofileoizZwU"
Can't find symbol 'eglSwapBuffersWithDamageEXT'.
Can't find symbol 'eglSetDamageRegionKHR'.
console.warn: SearchSettings: "get: No settings file exists, new profile?" (new Error("", "(unknown module)"))
1611321339785	Marionette	INFO	Listening on port 62841
1611321339934	Marionette	WARN	TLS certificate errors will be ignored for this session
1611321363275	Marionette	WARN	TimedPromise timed out after 500 ms: stacktrace:
TimedPromise/<@chrome://marionette/content/sync.js:235:19
TimedPromise@chrome://marionette/content/sync.js:220:10
interaction.flushEventLoop@chrome://marionette/content/interaction.js:418:10
webdriverClickElement@chrome://marionette/content/interaction.js:179:31
1611321389086	Marionette	INFO	Stopped listening on port 62841

###!!! [Child][RunMessage] Error: Channel closing: too late to send/recv, messages will be lost

1611321410062	geckodriver	INFO	Listening on 127.0.0.1:62916
1611321413122	mozrunner::runner	INFO	Running command: "C:\\Program Files\\Mozilla Firefox\\firefox.exe" "--marionette" "-foreground" "-no-remote" "-profile" "C:\\Users\\DANIEL~1\\AppData\\Local\\Temp\\rust_mozprofilefHbYjj"
Can't find symbol 'eglSwapBuffersWithDamageEXT'.
Can't find symbol 'eglSetDamageRegionKHR'.
console.warn: SearchSettings: "get: No settings file exists, new profile?" (new Error("", "(unknown module)"))
1611321414944	Marionette	INFO	Listening on port 62925
1611321415216	Marionette	WARN	TLS certificate errors will be ignored for this session
1611321965280	geckodriver	INFO	Listening on 127.0.0.1:62201
1611321968361	mozrunner::runner	INFO	Running command: "C:\\Program Files\\Mozilla Firefox\\firefox.exe" "--marionette" "-foreground" "-no-remote" "-profile" "C:\\Users\\DANIEL~1\\AppData\\Local\\Temp\\rust_mozprofile0ldYTF"
Can't find symbol 'eglSwapBuffersWithDamageEXT'.
Can't find symbol 'eglSetDamageRegionKHR'.
console.warn: SearchSettings: "get: No settings file exists, new profile?" (new Error("", "(unknown module)"))
1611321970251	Marionette	INFO	Listening on port 62209
1611321970398	Marionette	WARN	TLS certificate errors will be ignored for this session
1611321993194	Marionette	INFO	Stopped listening on port 62209

###!!! [Child][RunMessage] Error: Channel closing: too late to send/recv, messages will be lost

1611322258790	geckodriver	INFO	Listening on 127.0.0.1:51429
1611322261860	mozrunner::runner	INFO	Running command: "C:\\Program Files\\Mozilla Firefox\\firefox.exe" "--marionette" "-foreground" "-no-remote" "-profile" "C:\\Users\\DANIEL~1\\AppData\\Local\\Temp\\rust_mozprofileEQ2I6x"
Can't find symbol 'eglSwapBuffersWithDamageEXT'.
Can't find symbol 'eglSetDamageRegionKHR'.
console.warn: SearchSettings: "get: No settings file exists, new profile?" (new Error("", "(unknown module)"))
1611322263853	Marionette	INFO	Listening on port 51437
1611322263929	Marionette	WARN	TLS certificate errors will be ignored for this session
1611326513750	Marionette	INFO	Stopped listening on port 51437
1322447819	mozrunner::runner	INFO	Running command: "C:\\Program Files\\Mozilla Firefox\\firefox.exe" "--marionette" "-foreground" "-no-remote" "-profile" "C:\\Users\\DANIEL~1\\AppData\\Local\\Temp\\rust_mozprofilexl0KuJ"
Can't find symbol 'eglSwapBuffersWithDamageEXT'.
Can't find symbol 'eglSetDamageRegionKHR'.
console.warn: SearchSettings: "get: No settings file exists, new profile?" (new Error("", "(unknown module)"))
1611322449746	Marionette	INFO	Listening on port 54280
1611322449904	Marionette	WARN	TLS certificate errors will be ignored for this session
1611322498483	Marionette	INFO	Stopped listening on port 54280

###!!! [Child][RunMessage] Error: Channel closing: too late to send/recv, messages will be lost

1611322536839	geckodriver	INFO	Listening on 127.0.0.1:54339
1611322539879	mozrunner::runner	INFO	Running command: "C:\\Program Files\\Mozilla Firefox\\firefox.exe" "--marionette" "-foreground" "-no-remote" "-profile" "C:\\Users\\DANIEL~1\\AppData\\Local\\Temp\\rust_mozprofileC9RsLF"
Can't find symbol 'eglSwapBuffersWithDamageEXT'.
Can't find symbol 'eglSetDamageRegionKHR'.
console.warn: SearchSettings: "get: No settings file exists, new profile?" (new Error("", "(unknown module)"))
1611322541907	Marionette	INFO	Listening on port 54348
1611322541963	Marionette	WARN	TLS certificate errors will be ignored for this session
1611322573296	Marionette	INFO	Stopped listening on port 54348
1611327013916	geckodriver	INFO	Listening on 127.0.0.1:60594
1611327016949	mozrunner::runner	INFO	Running command: "C:\\Program Files\\Mozilla Firefox\\firefox.exe" "--marionette" "-foreground" "-no-remote" "-profile" "C:\\Users\\DANIEL~1\\AppData\\Local\\Temp\\rust_mozprofileSj5wcW"
Can't find symbol 'eglSwapBuffersWithDamageEXT'.
Can't find symbol 'eglSetDamageRegionKHR'.
console.warn: SearchSettings: "get: No settings file exists, new profile?" (new Error("", "(unknown module)"))
1611327019085	Marionette	INFO	Listening on port 60602
1611327019585	Marionette	WARN	TLS certificate errors will be ignored for this session
1611331041498	Marionette	INFO	Stopped listening on port 60602

###!!! [Child][RunMessage] Error: Channel closing: too late to send/recv, messages will be lost

1611559682789	geckodriver	INFO	Listening on 127.0.0.1:50379
1611559685834	mozrunner::runner	INFO	Running command: "C:\\Program Files\\Mozilla Firefox\\firefox.exe" "--marionette" "-foreground" "-no-remote" "-profile" "C:\\Users\\DANIEL~1\\AppData\\Local\\Temp\\rust_mozprofileyTfZA4"
Can't find symbol 'eglSwapBuffersWithDamageEXT'.
Can't find symbol 'eglSetDamageRegionKHR'.
console.warn: SearchSettings: "get: No settings file exists, new profile?" (new Error("", "(unknown module)"))
1611559689632	Marionette	INFO	Listening on port 50387
1611559690046	Marionette	WARN	TLS certificate errors will be ignored for this session
1611559703151	Marionette	INFO	Stopped listening on port 50387

###!!! [Child][RunMessage] Error: Channel closing: too late to send/recv, messages will be lost

1611559725951	geckodriver	INFO	Listening on 127.0.0.1:50436
1611559729037	mozrunner::runner	INFO	Running command: "C:\\Program Files\\Mozilla Firefox\\firefox.exe" "--marionette" "-foreground" "-no-remote" "-profile" "C:\\Users\\DANIEL~1\\AppData\\Local\\Temp\\rust_mozprofile280svd"
Can't find symbol 'eglSwapBuffersWithDamageEXT'.
Can't find symbol 'eglSetDamageRegionKHR'.
console.warn: SearchSettings: "get: No settings file exists, new profile?" (new Error("", "(unknown module)"))
1611559732378	Marionette	INFO	Listening on port 50444
1611559732771	Marionette	WARN	TLS certificate errors will be ignored for this session
1611559758329	Marionette	INFO	Stopped listening on port 50444

###!!! [Child][RunMessage] Error: Channel closing: too late to send/recv, messages will be lost

1611560570880	geckodriver	INFO	Listening on 127.0.0.1:52492
1611560573940	mozrunner::runner	INFO	Running command: "C:\\Program Files\\Mozilla Firefox\\firefox.exe" "--marionette" "-foreground" "-no-remote" "-profile" "C:\\Users\\DANIEL~1\\AppData\\Local\\Temp\\rust_mozprofiledhNR0c"
Can't find symbol 'eglSwapBuffersWithDamageEXT'.
Can't find symbol 'eglSetDamageRegionKHR'.
console.warn: SearchSettings: "get: No settings file exists, new profile?" (new Error("", "(unknown module)"))
1611560577610	Marionette	INFO	Listening on port 52500
1611560577662	Marionette	WARN	TLS certificate errors will be ignored for this session
1611560598855	Marionette	INFO	Stopped listening on port 52500

###!!! [Child][RunMessage] Error: Channel closing: too late to send/recv, messages will be lost

1611560638868	geckodriver	INFO	Listening on 127.0.0.1:52549
1611560641927	mozrunner::runner	INFO	Running command: "C:\\Program Files\\Mozilla Firefox\\firefox.exe" "--marionette" "-foreground" "-no-remote" "-profile" "C:\\Users\\DANIEL~1\\AppData\\Local\\Temp\\rust_mozprofilex17Ovi"
Can't find symbol 'eglSwapBuffersWithDamageEXT'.
Can't find symbol 'eglSetDamageRegionKHR'.
console.warn: SearchSettings: "get: No settings file exists, new profile?" (new Error("", "(unknown module)"))
1611560645490	Marionette	INFO	Listening on port 52557
1611560645628	Marionette	WARN	TLS certificate errors will be ignored for this session
1611560673553	Marionette	INFO	Stopped listening on port 52557

###!!! [Child][RunMessage] Error: Channel closing: too late to send/recv, messages will be lost

1611561017951	geckodriver	INFO	Listening on 127.0.0.1:55853
1611561020999	mozrunner::runner	INFO	Running command: "C:\\Program Files\\Mozilla Firefox\\firefox.exe" "--marionette" "-foreground" "-no-remote" "-profile" "C:\\Users\\DANIEL~1\\AppData\\Local\\Temp\\rust_mozprofiler1xmhl"
Can't find symbol 'eglSwapBuffersWithDamageEXT'.
Can't find symbol 'eglSetDamageRegionKHR'.
console.warn: SearchSettings: "get: No settings file exists, new profile?" (new Error("", "(unknown module)"))
1611561024624	Marionette	INFO	Listening on port 55861
1611561024714	Marionette	WARN	TLS certificate errors will be ignored for this session
1611561080724	Marionette	INFO	Stopped listening on port 55861

###!!! [Child][RunMessage] Error: Channel closing: too late to send/recv, messages will be lost

1611562090673	geckodriver	INFO	Listening on 127.0.0.1:61468
1611562093745	mozrunner::runner	INFO	Running command: "C:\\Program Files\\Mozilla Firefox\\firefox.exe" "--marionette" "-foreground" "-no-remote" "-profile" "C:\\Users\\DANIEL~1\\AppData\\Local\\Temp\\rust_mozprofile9pDGyq"
Can't find symbol 'eglSwapBuffersWithDamageEXT'.
Can't find symbol 'eglSetDamageRegionKHR'.
console.warn: SearchSettings: "get: No settings file exists, new profile?" (new Error("", "(unknown module)"))
1611562097457	Marionette	INFO	Listening on port 61476
1611562097984	Marionette	WARN	TLS certificate errors will be ignored for this session
1611562103224	Marionette	INFO	Stopped listening on port 61476

###!!! [Child][RunMessage] Error: Channel closing: too late to send/recv, messages will be lost

1611562110481	geckodriver	INFO	Listening on 127.0.0.1:61519
1611562113543	mozrunner::runner	INFO	Running command: "C:\\Program Files\\Mozilla Firefox\\firefox.exe" "--marionette" "-foreground" "-no-remote" "-profile" "C:\\Users\\DANIEL~1\\AppData\\Local\\Temp\\rust_mozprofileTQ4Ddh"
Can't find symbol 'eglSwapBuffersWithDamageEXT'.
Can't find symbol 'eglSetDamageRegionKHR'.
console.warn: SearchSettings: "get: No settings file exists, new profile?" (new Error("", "(unknown module)"))
1611562116850	Marionette	INFO	Listening on port 61528
1611562117245	Marionette	WARN	TLS certificate errors will be ignored for this session
1611562122019	Marionette	INFO	Stopped listening on port 61528

###!!! [Child][RunMessage] Error: Channel closing: too late to send/recv, messages will be lost

1611562201565	geckodriver	INFO	Listening on 127.0.0.1:57106
1611562204664	mozrunner::runner	INFO	Running command: "C:\\Program Files\\Mozilla Firefox\\firefox.exe" "--marionette" "-foreground" "-no-remote" "-profile" "C:\\Users\\DANIEL~1\\AppData\\Local\\Temp\\rust_mozprofileTjwxuO"
Can't find symbol 'eglSwapBuffersWithDamageEXT'.
Can't find symbol 'eglSetDamageRegionKHR'.
console.warn: SearchSettings: "get: No settings file exists, new profile?" (new Error("", "(unknown module)"))
1611562208080	Marionette	INFO	Listening on port 57114
1611562208401	Marionette	WARN	TLS certificate errors will be ignored for this session
1611562215870	Marionette	INFO	Stopped listening on port 57114

###!!! [Child][RunMessage] Error: Channel closing: too late to send/recv, messages will be lost

1611562229133	geckodriver	INFO	Listening on 127.0.0.1:57153
1611562232203	mozrunner::runner	INFO	Running command: "C:\\Program Files\\Mozilla Firefox\\firefox.exe" "--marionette" "-foreground" "-no-remote" "-profile" "C:\\Users\\DANIEL~1\\AppData\\Local\\Temp\\rust_mozprofile7HUJdU"
Can't find symbol 'eglSwapBuffersWithDamageEXT'.
Can't find symbol 'eglSetDamageRegionKHR'.
console.warn: SearchSettings: "get: No settings file exists, new profile?" (new Error("", "(unknown module)"))
1611562235588	Marionette	INFO	Listening on port 57161
1611562235942	Marionette	WARN	TLS certificate errors will be ignored for this session
1611562248944	Marionette	INFO	Stopped listening on port 57161

###!!! [Child][RunMessage] Error: Channel closing: too late to send/recv, messages will be lost

